<?xml version="1.0" encoding="UTF-8"?>
<testsuite xmlns:xsi="http://www.w3.org/2001/XMLSchema-instance" xsi:noNamespaceSchemaLocation="https://maven.apache.org/surefire/maven-surefire-plugin/xsd/surefire-test-report.xsd" name="top.lazyr.myweb.MywebApplicationTests" time="1.795" tests="5" errors="2" skipped="0" failures="0">
  <properties>
    <property name="sun.desktop" value="windows"/>
    <property name="awt.toolkit" value="sun.awt.windows.WToolkit"/>
    <property name="file.encoding.pkg" value="sun.io"/>
    <property name="java.specification.version" value="1.8"/>
    <property name="sun.cpu.isalist" value="amd64"/>
    <property name="sun.jnu.encoding" value="GBK"/>
    <property name="java.class.path" value="F:\work\projects\myProjects\myweb\target\test-classes;F:\work\projects\myProjects\myweb\target\classes;F:\work\environment\apache-maven-3.6.3\repository\org\springframework\boot\spring-boot-starter-data-elasticsearch\2.3.4.RELEASE\spring-boot-starter-data-elasticsearch-2.3.4.RELEASE.jar;F:\work\environment\apache-maven-3.6.3\repository\org\springframework\boot\spring-boot-starter\2.3.4.RELEASE\spring-boot-starter-2.3.4.RELEASE.jar;F:\work\environment\apache-maven-3.6.3\repository\org\springframework\boot\spring-boot-starter-logging\2.3.4.RELEASE\spring-boot-starter-logging-2.3.4.RELEASE.jar;F:\work\environment\apache-maven-3.6.3\repository\ch\qos\logback\logback-classic\1.2.3\logback-classic-1.2.3.jar;F:\work\environment\apache-maven-3.6.3\repository\ch\qos\logback\logback-core\1.2.3\logback-core-1.2.3.jar;F:\work\environment\apache-maven-3.6.3\repository\org\apache\logging\log4j\log4j-to-slf4j\2.13.3\log4j-to-slf4j-2.13.3.jar;F:\work\environment\apache-maven-3.6.3\repository\org\apache\logging\log4j\log4j-api\2.13.3\log4j-api-2.13.3.jar;F:\work\environment\apache-maven-3.6.3\repository\org\slf4j\jul-to-slf4j\1.7.30\jul-to-slf4j-1.7.30.jar;F:\work\environment\apache-maven-3.6.3\repository\jakarta\annotation\jakarta.annotation-api\1.3.5\jakarta.annotation-api-1.3.5.jar;F:\work\environment\apache-maven-3.6.3\repository\org\yaml\snakeyaml\1.26\snakeyaml-1.26.jar;F:\work\environment\apache-maven-3.6.3\repository\org\springframework\data\spring-data-elasticsearch\4.0.4.RELEASE\spring-data-elasticsearch-4.0.4.RELEASE.jar;F:\work\environment\apache-maven-3.6.3\repository\org\springframework\spring-context\5.2.9.RELEASE\spring-context-5.2.9.RELEASE.jar;F:\work\environment\apache-maven-3.6.3\repository\org\springframework\spring-tx\5.2.9.RELEASE\spring-tx-5.2.9.RELEASE.jar;F:\work\environment\apache-maven-3.6.3\repository\org\springframework\data\spring-data-commons\2.3.4.RELEASE\spring-data-commons-2.3.4.RELEASE.jar;F:\work\environment\apache-maven-3.6.3\repository\org\elasticsearch\plugin\transport-netty4-client\7.9.2\transport-netty4-client-7.9.2.jar;F:\work\environment\apache-maven-3.6.3\repository\io\netty\netty-buffer\4.1.52.Final\netty-buffer-4.1.52.Final.jar;F:\work\environment\apache-maven-3.6.3\repository\io\netty\netty-codec\4.1.52.Final\netty-codec-4.1.52.Final.jar;F:\work\environment\apache-maven-3.6.3\repository\io\netty\netty-codec-http\4.1.52.Final\netty-codec-http-4.1.52.Final.jar;F:\work\environment\apache-maven-3.6.3\repository\io\netty\netty-common\4.1.52.Final\netty-common-4.1.52.Final.jar;F:\work\environment\apache-maven-3.6.3\repository\io\netty\netty-handler\4.1.52.Final\netty-handler-4.1.52.Final.jar;F:\work\environment\apache-maven-3.6.3\repository\io\netty\netty-resolver\4.1.52.Final\netty-resolver-4.1.52.Final.jar;F:\work\environment\apache-maven-3.6.3\repository\io\netty\netty-transport\4.1.52.Final\netty-transport-4.1.52.Final.jar;F:\work\environment\apache-maven-3.6.3\repository\org\elasticsearch\client\elasticsearch-rest-high-level-client\7.9.2\elasticsearch-rest-high-level-client-7.9.2.jar;F:\work\environment\apache-maven-3.6.3\repository\org\elasticsearch\elasticsearch\7.9.2\elasticsearch-7.9.2.jar;F:\work\environment\apache-maven-3.6.3\repository\org\elasticsearch\elasticsearch-core\7.9.2\elasticsearch-core-7.9.2.jar;F:\work\environment\apache-maven-3.6.3\repository\org\elasticsearch\elasticsearch-secure-sm\7.9.2\elasticsearch-secure-sm-7.9.2.jar;F:\work\environment\apache-maven-3.6.3\repository\org\elasticsearch\elasticsearch-x-content\7.9.2\elasticsearch-x-content-7.9.2.jar;F:\work\environment\apache-maven-3.6.3\repository\com\fasterxml\jackson\dataformat\jackson-dataformat-smile\2.11.2\jackson-dataformat-smile-2.11.2.jar;F:\work\environment\apache-maven-3.6.3\repository\com\fasterxml\jackson\dataformat\jackson-dataformat-yaml\2.11.2\jackson-dataformat-yaml-2.11.2.jar;F:\work\environment\apache-maven-3.6.3\repository\com\fasterxml\jackson\dataformat\jackson-dataformat-cbor\2.11.2\jackson-dataformat-cbor-2.11.2.jar;F:\work\environment\apache-maven-3.6.3\repository\org\elasticsearch\elasticsearch-geo\7.9.2\elasticsearch-geo-7.9.2.jar;F:\work\environment\apache-maven-3.6.3\repository\org\apache\lucene\lucene-core\8.6.2\lucene-core-8.6.2.jar;F:\work\environment\apache-maven-3.6.3\repository\org\apache\lucene\lucene-analyzers-common\8.6.2\lucene-analyzers-common-8.6.2.jar;F:\work\environment\apache-maven-3.6.3\repository\org\apache\lucene\lucene-backward-codecs\8.6.2\lucene-backward-codecs-8.6.2.jar;F:\work\environment\apache-maven-3.6.3\repository\org\apache\lucene\lucene-grouping\8.6.2\lucene-grouping-8.6.2.jar;F:\work\environment\apache-maven-3.6.3\repository\org\apache\lucene\lucene-highlighter\8.6.2\lucene-highlighter-8.6.2.jar;F:\work\environment\apache-maven-3.6.3\repository\org\apache\lucene\lucene-join\8.6.2\lucene-join-8.6.2.jar;F:\work\environment\apache-maven-3.6.3\repository\org\apache\lucene\lucene-memory\8.6.2\lucene-memory-8.6.2.jar;F:\work\environment\apache-maven-3.6.3\repository\org\apache\lucene\lucene-misc\8.6.2\lucene-misc-8.6.2.jar;F:\work\environment\apache-maven-3.6.3\repository\org\apache\lucene\lucene-queries\8.6.2\lucene-queries-8.6.2.jar;F:\work\environment\apache-maven-3.6.3\repository\org\apache\lucene\lucene-queryparser\8.6.2\lucene-queryparser-8.6.2.jar;F:\work\environment\apache-maven-3.6.3\repository\org\apache\lucene\lucene-sandbox\8.6.2\lucene-sandbox-8.6.2.jar;F:\work\environment\apache-maven-3.6.3\repository\org\apache\lucene\lucene-spatial-extras\8.6.2\lucene-spatial-extras-8.6.2.jar;F:\work\environment\apache-maven-3.6.3\repository\org\apache\lucene\lucene-spatial3d\8.6.2\lucene-spatial3d-8.6.2.jar;F:\work\environment\apache-maven-3.6.3\repository\org\apache\lucene\lucene-suggest\8.6.2\lucene-suggest-8.6.2.jar;F:\work\environment\apache-maven-3.6.3\repository\org\elasticsearch\elasticsearch-cli\7.9.2\elasticsearch-cli-7.9.2.jar;F:\work\environment\apache-maven-3.6.3\repository\net\sf\jopt-simple\jopt-simple\5.0.2\jopt-simple-5.0.2.jar;F:\work\environment\apache-maven-3.6.3\repository\com\carrotsearch\hppc\0.8.1\hppc-0.8.1.jar;F:\work\environment\apache-maven-3.6.3\repository\joda-time\joda-time\2.10.4\joda-time-2.10.4.jar;F:\work\environment\apache-maven-3.6.3\repository\com\tdunning\t-digest\3.2\t-digest-3.2.jar;F:\work\environment\apache-maven-3.6.3\repository\org\hdrhistogram\HdrHistogram\2.1.9\HdrHistogram-2.1.9.jar;F:\work\environment\apache-maven-3.6.3\repository\org\elasticsearch\jna\5.5.0\jna-5.5.0.jar;F:\work\environment\apache-maven-3.6.3\repository\org\elasticsearch\client\elasticsearch-rest-client\7.9.2\elasticsearch-rest-client-7.9.2.jar;F:\work\environment\apache-maven-3.6.3\repository\org\apache\httpcomponents\httpclient\4.5.12\httpclient-4.5.12.jar;F:\work\environment\apache-maven-3.6.3\repository\org\apache\httpcomponents\httpcore\4.4.13\httpcore-4.4.13.jar;F:\work\environment\apache-maven-3.6.3\repository\org\apache\httpcomponents\httpasyncclient\4.1.4\httpasyncclient-4.1.4.jar;F:\work\environment\apache-maven-3.6.3\repository\org\apache\httpcomponents\httpcore-nio\4.4.13\httpcore-nio-4.4.13.jar;F:\work\environment\apache-maven-3.6.3\repository\commons-codec\commons-codec\1.14\commons-codec-1.14.jar;F:\work\environment\apache-maven-3.6.3\repository\org\elasticsearch\plugin\mapper-extras-client\7.9.2\mapper-extras-client-7.9.2.jar;F:\work\environment\apache-maven-3.6.3\repository\org\elasticsearch\plugin\parent-join-client\7.9.2\parent-join-client-7.9.2.jar;F:\work\environment\apache-maven-3.6.3\repository\org\elasticsearch\plugin\aggs-matrix-stats-client\7.9.2\aggs-matrix-stats-client-7.9.2.jar;F:\work\environment\apache-maven-3.6.3\repository\org\elasticsearch\plugin\rank-eval-client\7.9.2\rank-eval-client-7.9.2.jar;F:\work\environment\apache-maven-3.6.3\repository\org\elasticsearch\plugin\lang-mustache-client\7.9.2\lang-mustache-client-7.9.2.jar;F:\work\environment\apache-maven-3.6.3\repository\com\github\spullara\mustache\java\compiler\0.9.6\compiler-0.9.6.jar;F:\work\environment\apache-maven-3.6.3\repository\org\slf4j\slf4j-api\1.7.30\slf4j-api-1.7.30.jar;F:\work\environment\apache-maven-3.6.3\repository\com\fasterxml\jackson\core\jackson-core\2.11.0\jackson-core-2.11.0.jar;F:\work\environment\apache-maven-3.6.3\repository\com\fasterxml\jackson\core\jackson-annotations\2.11.2\jackson-annotations-2.11.2.jar;F:\work\environment\apache-maven-3.6.3\repository\com\fasterxml\jackson\core\jackson-databind\2.11.2\jackson-databind-2.11.2.jar;F:\work\environment\apache-maven-3.6.3\repository\com\alibaba\fastjson\1.2.49\fastjson-1.2.49.jar;F:\work\environment\apache-maven-3.6.3\repository\org\jsoup\jsoup\1.10.2\jsoup-1.10.2.jar;F:\work\environment\apache-maven-3.6.3\repository\org\springframework\boot\spring-boot-devtools\2.3.4.RELEASE\spring-boot-devtools-2.3.4.RELEASE.jar;F:\work\environment\apache-maven-3.6.3\repository\org\springframework\boot\spring-boot\2.3.4.RELEASE\spring-boot-2.3.4.RELEASE.jar;F:\work\environment\apache-maven-3.6.3\repository\org\springframework\boot\spring-boot-autoconfigure\2.3.4.RELEASE\spring-boot-autoconfigure-2.3.4.RELEASE.jar;F:\work\environment\apache-maven-3.6.3\repository\com\alibaba\druid\1.1.9\druid-1.1.9.jar;F:\work\environment\apache-maven-3.6.3\repository\org\springframework\boot\spring-boot-starter-data-jpa\2.3.4.RELEASE\spring-boot-starter-data-jpa-2.3.4.RELEASE.jar;F:\work\environment\apache-maven-3.6.3\repository\org\springframework\boot\spring-boot-starter-aop\2.3.4.RELEASE\spring-boot-starter-aop-2.3.4.RELEASE.jar;F:\work\environment\apache-maven-3.6.3\repository\org\springframework\spring-aop\5.2.9.RELEASE\spring-aop-5.2.9.RELEASE.jar;F:\work\environment\apache-maven-3.6.3\repository\org\aspectj\aspectjweaver\1.9.6\aspectjweaver-1.9.6.jar;F:\work\environment\apache-maven-3.6.3\repository\jakarta\transaction\jakarta.transaction-api\1.3.3\jakarta.transaction-api-1.3.3.jar;F:\work\environment\apache-maven-3.6.3\repository\jakarta\persistence\jakarta.persistence-api\2.2.3\jakarta.persistence-api-2.2.3.jar;F:\work\environment\apache-maven-3.6.3\repository\org\hibernate\hibernate-core\5.4.21.Final\hibernate-core-5.4.21.Final.jar;F:\work\environment\apache-maven-3.6.3\repository\org\jboss\logging\jboss-logging\3.4.1.Final\jboss-logging-3.4.1.Final.jar;F:\work\environment\apache-maven-3.6.3\repository\org\javassist\javassist\3.24.0-GA\javassist-3.24.0-GA.jar;F:\work\environment\apache-maven-3.6.3\repository\net\bytebuddy\byte-buddy\1.10.14\byte-buddy-1.10.14.jar;F:\work\environment\apache-maven-3.6.3\repository\antlr\antlr\2.7.7\antlr-2.7.7.jar;F:\work\environment\apache-maven-3.6.3\repository\org\jboss\jandex\2.1.3.Final\jandex-2.1.3.Final.jar;F:\work\environment\apache-maven-3.6.3\repository\com\fasterxml\classmate\1.5.1\classmate-1.5.1.jar;F:\work\environment\apache-maven-3.6.3\repository\org\dom4j\dom4j\2.1.3\dom4j-2.1.3.jar;F:\work\environment\apache-maven-3.6.3\repository\org\hibernate\common\hibernate-commons-annotations\5.1.0.Final\hibernate-commons-annotations-5.1.0.Final.jar;F:\work\environment\apache-maven-3.6.3\repository\org\glassfish\jaxb\jaxb-runtime\2.3.3\jaxb-runtime-2.3.3.jar;F:\work\environment\apache-maven-3.6.3\repository\org\glassfish\jaxb\txw2\2.3.3\txw2-2.3.3.jar;F:\work\environment\apache-maven-3.6.3\repository\com\sun\istack\istack-commons-runtime\3.0.11\istack-commons-runtime-3.0.11.jar;F:\work\environment\apache-maven-3.6.3\repository\com\sun\activation\jakarta.activation\1.2.2\jakarta.activation-1.2.2.jar;F:\work\environment\apache-maven-3.6.3\repository\org\springframework\data\spring-data-jpa\2.3.4.RELEASE\spring-data-jpa-2.3.4.RELEASE.jar;F:\work\environment\apache-maven-3.6.3\repository\org\springframework\spring-orm\5.2.9.RELEASE\spring-orm-5.2.9.RELEASE.jar;F:\work\environment\apache-maven-3.6.3\repository\org\springframework\spring-beans\5.2.9.RELEASE\spring-beans-5.2.9.RELEASE.jar;F:\work\environment\apache-maven-3.6.3\repository\org\springframework\spring-aspects\5.2.9.RELEASE\spring-aspects-5.2.9.RELEASE.jar;F:\work\environment\apache-maven-3.6.3\repository\org\springframework\boot\spring-boot-starter-jdbc\2.3.4.RELEASE\spring-boot-starter-jdbc-2.3.4.RELEASE.jar;F:\work\environment\apache-maven-3.6.3\repository\com\zaxxer\HikariCP\3.4.5\HikariCP-3.4.5.jar;F:\work\environment\apache-maven-3.6.3\repository\org\springframework\spring-jdbc\5.2.9.RELEASE\spring-jdbc-5.2.9.RELEASE.jar;F:\work\environment\apache-maven-3.6.3\repository\mysql\mysql-connector-java\8.0.21\mysql-connector-java-8.0.21.jar;F:\work\environment\apache-maven-3.6.3\repository\org\springframework\boot\spring-boot-starter-web\2.3.4.RELEASE\spring-boot-starter-web-2.3.4.RELEASE.jar;F:\work\environment\apache-maven-3.6.3\repository\org\springframework\boot\spring-boot-starter-json\2.3.4.RELEASE\spring-boot-starter-json-2.3.4.RELEASE.jar;F:\work\environment\apache-maven-3.6.3\repository\com\fasterxml\jackson\datatype\jackson-datatype-jdk8\2.11.2\jackson-datatype-jdk8-2.11.2.jar;F:\work\environment\apache-maven-3.6.3\repository\com\fasterxml\jackson\datatype\jackson-datatype-jsr310\2.11.2\jackson-datatype-jsr310-2.11.2.jar;F:\work\environment\apache-maven-3.6.3\repository\com\fasterxml\jackson\module\jackson-module-parameter-names\2.11.2\jackson-module-parameter-names-2.11.2.jar;F:\work\environment\apache-maven-3.6.3\repository\org\springframework\boot\spring-boot-starter-tomcat\2.3.4.RELEASE\spring-boot-starter-tomcat-2.3.4.RELEASE.jar;F:\work\environment\apache-maven-3.6.3\repository\org\apache\tomcat\embed\tomcat-embed-core\9.0.38\tomcat-embed-core-9.0.38.jar;F:\work\environment\apache-maven-3.6.3\repository\org\glassfish\jakarta.el\3.0.3\jakarta.el-3.0.3.jar;F:\work\environment\apache-maven-3.6.3\repository\org\apache\tomcat\embed\tomcat-embed-websocket\9.0.38\tomcat-embed-websocket-9.0.38.jar;F:\work\environment\apache-maven-3.6.3\repository\org\springframework\spring-web\5.2.9.RELEASE\spring-web-5.2.9.RELEASE.jar;F:\work\environment\apache-maven-3.6.3\repository\org\springframework\spring-webmvc\5.2.9.RELEASE\spring-webmvc-5.2.9.RELEASE.jar;F:\work\environment\apache-maven-3.6.3\repository\org\springframework\spring-expression\5.2.9.RELEASE\spring-expression-5.2.9.RELEASE.jar;F:\work\environment\apache-maven-3.6.3\repository\org\projectlombok\lombok\1.18.12\lombok-1.18.12.jar;F:\work\environment\apache-maven-3.6.3\repository\org\springframework\boot\spring-boot-starter-test\2.3.4.RELEASE\spring-boot-starter-test-2.3.4.RELEASE.jar;F:\work\environment\apache-maven-3.6.3\repository\org\springframework\boot\spring-boot-test\2.3.4.RELEASE\spring-boot-test-2.3.4.RELEASE.jar;F:\work\environment\apache-maven-3.6.3\repository\org\springframework\boot\spring-boot-test-autoconfigure\2.3.4.RELEASE\spring-boot-test-autoconfigure-2.3.4.RELEASE.jar;F:\work\environment\apache-maven-3.6.3\repository\com\jayway\jsonpath\json-path\2.4.0\json-path-2.4.0.jar;F:\work\environment\apache-maven-3.6.3\repository\net\minidev\json-smart\2.3\json-smart-2.3.jar;F:\work\environment\apache-maven-3.6.3\repository\net\minidev\accessors-smart\1.2\accessors-smart-1.2.jar;F:\work\environment\apache-maven-3.6.3\repository\org\ow2\asm\asm\5.0.4\asm-5.0.4.jar;F:\work\environment\apache-maven-3.6.3\repository\jakarta\xml\bind\jakarta.xml.bind-api\2.3.3\jakarta.xml.bind-api-2.3.3.jar;F:\work\environment\apache-maven-3.6.3\repository\jakarta\activation\jakarta.activation-api\1.2.2\jakarta.activation-api-1.2.2.jar;F:\work\environment\apache-maven-3.6.3\repository\org\assertj\assertj-core\3.16.1\assertj-core-3.16.1.jar;F:\work\environment\apache-maven-3.6.3\repository\org\hamcrest\hamcrest\2.2\hamcrest-2.2.jar;F:\work\environment\apache-maven-3.6.3\repository\org\junit\jupiter\junit-jupiter\5.6.2\junit-jupiter-5.6.2.jar;F:\work\environment\apache-maven-3.6.3\repository\org\junit\jupiter\junit-jupiter-api\5.6.2\junit-jupiter-api-5.6.2.jar;F:\work\environment\apache-maven-3.6.3\repository\org\apiguardian\apiguardian-api\1.1.0\apiguardian-api-1.1.0.jar;F:\work\environment\apache-maven-3.6.3\repository\org\opentest4j\opentest4j\1.2.0\opentest4j-1.2.0.jar;F:\work\environment\apache-maven-3.6.3\repository\org\junit\platform\junit-platform-commons\1.6.2\junit-platform-commons-1.6.2.jar;F:\work\environment\apache-maven-3.6.3\repository\org\junit\jupiter\junit-jupiter-params\5.6.2\junit-jupiter-params-5.6.2.jar;F:\work\environment\apache-maven-3.6.3\repository\org\junit\jupiter\junit-jupiter-engine\5.6.2\junit-jupiter-engine-5.6.2.jar;F:\work\environment\apache-maven-3.6.3\repository\org\junit\platform\junit-platform-engine\1.6.2\junit-platform-engine-1.6.2.jar;F:\work\environment\apache-maven-3.6.3\repository\org\mockito\mockito-core\3.3.3\mockito-core-3.3.3.jar;F:\work\environment\apache-maven-3.6.3\repository\net\bytebuddy\byte-buddy-agent\1.10.14\byte-buddy-agent-1.10.14.jar;F:\work\environment\apache-maven-3.6.3\repository\org\objenesis\objenesis\2.6\objenesis-2.6.jar;F:\work\environment\apache-maven-3.6.3\repository\org\mockito\mockito-junit-jupiter\3.3.3\mockito-junit-jupiter-3.3.3.jar;F:\work\environment\apache-maven-3.6.3\repository\org\skyscreamer\jsonassert\1.5.0\jsonassert-1.5.0.jar;F:\work\environment\apache-maven-3.6.3\repository\com\vaadin\external\google\android-json\0.0.20131108.vaadin1\android-json-0.0.20131108.vaadin1.jar;F:\work\environment\apache-maven-3.6.3\repository\org\springframework\spring-core\5.2.9.RELEASE\spring-core-5.2.9.RELEASE.jar;F:\work\environment\apache-maven-3.6.3\repository\org\springframework\spring-jcl\5.2.9.RELEASE\spring-jcl-5.2.9.RELEASE.jar;F:\work\environment\apache-maven-3.6.3\repository\org\springframework\spring-test\5.2.9.RELEASE\spring-test-5.2.9.RELEASE.jar;F:\work\environment\apache-maven-3.6.3\repository\org\xmlunit\xmlunit-core\2.7.0\xmlunit-core-2.7.0.jar;F:\work\environment\apache-maven-3.6.3\repository\junit\junit\4.13\junit-4.13.jar;F:\work\environment\apache-maven-3.6.3\repository\org\hamcrest\hamcrest-core\2.2\hamcrest-core-2.2.jar;F:\work\environment\apache-maven-3.6.3\repository\com\clsaa\rest\result\standard-result\0.0.1\standard-result-0.0.1.jar;F:\work\environment\apache-maven-3.6.3\repository\org\springframework\boot\spring-boot-starter-webflux\2.3.4.RELEASE\spring-boot-starter-webflux-2.3.4.RELEASE.jar;F:\work\environment\apache-maven-3.6.3\repository\org\springframework\boot\spring-boot-starter-reactor-netty\2.3.4.RELEASE\spring-boot-starter-reactor-netty-2.3.4.RELEASE.jar;F:\work\environment\apache-maven-3.6.3\repository\io\projectreactor\netty\reactor-netty\0.9.12.RELEASE\reactor-netty-0.9.12.RELEASE.jar;F:\work\environment\apache-maven-3.6.3\repository\io\netty\netty-codec-http2\4.1.52.Final\netty-codec-http2-4.1.52.Final.jar;F:\work\environment\apache-maven-3.6.3\repository\io\netty\netty-handler-proxy\4.1.52.Final\netty-handler-proxy-4.1.52.Final.jar;F:\work\environment\apache-maven-3.6.3\repository\io\netty\netty-codec-socks\4.1.52.Final\netty-codec-socks-4.1.52.Final.jar;F:\work\environment\apache-maven-3.6.3\repository\io\netty\netty-transport-native-epoll\4.1.52.Final\netty-transport-native-epoll-4.1.52.Final-linux-x86_64.jar;F:\work\environment\apache-maven-3.6.3\repository\io\netty\netty-transport-native-unix-common\4.1.52.Final\netty-transport-native-unix-common-4.1.52.Final.jar;F:\work\environment\apache-maven-3.6.3\repository\org\springframework\spring-webflux\5.2.9.RELEASE\spring-webflux-5.2.9.RELEASE.jar;F:\work\environment\apache-maven-3.6.3\repository\io\projectreactor\reactor-core\3.3.10.RELEASE\reactor-core-3.3.10.RELEASE.jar;F:\work\environment\apache-maven-3.6.3\repository\org\reactivestreams\reactive-streams\1.0.3\reactive-streams-1.0.3.jar;F:\work\environment\apache-maven-3.6.3\repository\org\synchronoss\cloud\nio-multipart-parser\1.1.0\nio-multipart-parser-1.1.0.jar;F:\work\environment\apache-maven-3.6.3\repository\org\synchronoss\cloud\nio-stream-storage\1.1.3\nio-stream-storage-1.1.3.jar;"/>
    <property name="java.vm.vendor" value="Oracle Corporation"/>
    <property name="sun.arch.data.model" value="64"/>
    <property name="user.variant" value=""/>
    <property name="java.vendor.url" value="http://java.oracle.com/"/>
    <property name="user.timezone" value="Asia/Shanghai"/>
    <property name="java.vm.specification.version" value="1.8"/>
    <property name="os.name" value="Windows 10"/>
    <property name="user.country" value="CN"/>
    <property name="sun.java.launcher" value="SUN_STANDARD"/>
    <property name="sun.boot.library.path" value="F:\work\environment\java\jdk1.8\jre\bin"/>
    <property name="sun.java.command" value="C:\Users\LAZYR~1\AppData\Local\Temp\surefire1321627404896171357\surefirebooter1526579607988174671.jar C:\Users\Lazy r\AppData\Local\Temp\surefire1321627404896171357 2020-11-02T15-36-10_645-jvmRun1 surefire4821267349299723794tmp surefire_07863050990891054807tmp"/>
    <property name="surefire.test.class.path" value="F:\work\projects\myProjects\myweb\target\test-classes;F:\work\projects\myProjects\myweb\target\classes;F:\work\environment\apache-maven-3.6.3\repository\org\springframework\boot\spring-boot-starter-data-elasticsearch\2.3.4.RELEASE\spring-boot-starter-data-elasticsearch-2.3.4.RELEASE.jar;F:\work\environment\apache-maven-3.6.3\repository\org\springframework\boot\spring-boot-starter\2.3.4.RELEASE\spring-boot-starter-2.3.4.RELEASE.jar;F:\work\environment\apache-maven-3.6.3\repository\org\springframework\boot\spring-boot-starter-logging\2.3.4.RELEASE\spring-boot-starter-logging-2.3.4.RELEASE.jar;F:\work\environment\apache-maven-3.6.3\repository\ch\qos\logback\logback-classic\1.2.3\logback-classic-1.2.3.jar;F:\work\environment\apache-maven-3.6.3\repository\ch\qos\logback\logback-core\1.2.3\logback-core-1.2.3.jar;F:\work\environment\apache-maven-3.6.3\repository\org\apache\logging\log4j\log4j-to-slf4j\2.13.3\log4j-to-slf4j-2.13.3.jar;F:\work\environment\apache-maven-3.6.3\repository\org\apache\logging\log4j\log4j-api\2.13.3\log4j-api-2.13.3.jar;F:\work\environment\apache-maven-3.6.3\repository\org\slf4j\jul-to-slf4j\1.7.30\jul-to-slf4j-1.7.30.jar;F:\work\environment\apache-maven-3.6.3\repository\jakarta\annotation\jakarta.annotation-api\1.3.5\jakarta.annotation-api-1.3.5.jar;F:\work\environment\apache-maven-3.6.3\repository\org\yaml\snakeyaml\1.26\snakeyaml-1.26.jar;F:\work\environment\apache-maven-3.6.3\repository\org\springframework\data\spring-data-elasticsearch\4.0.4.RELEASE\spring-data-elasticsearch-4.0.4.RELEASE.jar;F:\work\environment\apache-maven-3.6.3\repository\org\springframework\spring-context\5.2.9.RELEASE\spring-context-5.2.9.RELEASE.jar;F:\work\environment\apache-maven-3.6.3\repository\org\springframework\spring-tx\5.2.9.RELEASE\spring-tx-5.2.9.RELEASE.jar;F:\work\environment\apache-maven-3.6.3\repository\org\springframework\data\spring-data-commons\2.3.4.RELEASE\spring-data-commons-2.3.4.RELEASE.jar;F:\work\environment\apache-maven-3.6.3\repository\org\elasticsearch\plugin\transport-netty4-client\7.9.2\transport-netty4-client-7.9.2.jar;F:\work\environment\apache-maven-3.6.3\repository\io\netty\netty-buffer\4.1.52.Final\netty-buffer-4.1.52.Final.jar;F:\work\environment\apache-maven-3.6.3\repository\io\netty\netty-codec\4.1.52.Final\netty-codec-4.1.52.Final.jar;F:\work\environment\apache-maven-3.6.3\repository\io\netty\netty-codec-http\4.1.52.Final\netty-codec-http-4.1.52.Final.jar;F:\work\environment\apache-maven-3.6.3\repository\io\netty\netty-common\4.1.52.Final\netty-common-4.1.52.Final.jar;F:\work\environment\apache-maven-3.6.3\repository\io\netty\netty-handler\4.1.52.Final\netty-handler-4.1.52.Final.jar;F:\work\environment\apache-maven-3.6.3\repository\io\netty\netty-resolver\4.1.52.Final\netty-resolver-4.1.52.Final.jar;F:\work\environment\apache-maven-3.6.3\repository\io\netty\netty-transport\4.1.52.Final\netty-transport-4.1.52.Final.jar;F:\work\environment\apache-maven-3.6.3\repository\org\elasticsearch\client\elasticsearch-rest-high-level-client\7.9.2\elasticsearch-rest-high-level-client-7.9.2.jar;F:\work\environment\apache-maven-3.6.3\repository\org\elasticsearch\elasticsearch\7.9.2\elasticsearch-7.9.2.jar;F:\work\environment\apache-maven-3.6.3\repository\org\elasticsearch\elasticsearch-core\7.9.2\elasticsearch-core-7.9.2.jar;F:\work\environment\apache-maven-3.6.3\repository\org\elasticsearch\elasticsearch-secure-sm\7.9.2\elasticsearch-secure-sm-7.9.2.jar;F:\work\environment\apache-maven-3.6.3\repository\org\elasticsearch\elasticsearch-x-content\7.9.2\elasticsearch-x-content-7.9.2.jar;F:\work\environment\apache-maven-3.6.3\repository\com\fasterxml\jackson\dataformat\jackson-dataformat-smile\2.11.2\jackson-dataformat-smile-2.11.2.jar;F:\work\environment\apache-maven-3.6.3\repository\com\fasterxml\jackson\dataformat\jackson-dataformat-yaml\2.11.2\jackson-dataformat-yaml-2.11.2.jar;F:\work\environment\apache-maven-3.6.3\repository\com\fasterxml\jackson\dataformat\jackson-dataformat-cbor\2.11.2\jackson-dataformat-cbor-2.11.2.jar;F:\work\environment\apache-maven-3.6.3\repository\org\elasticsearch\elasticsearch-geo\7.9.2\elasticsearch-geo-7.9.2.jar;F:\work\environment\apache-maven-3.6.3\repository\org\apache\lucene\lucene-core\8.6.2\lucene-core-8.6.2.jar;F:\work\environment\apache-maven-3.6.3\repository\org\apache\lucene\lucene-analyzers-common\8.6.2\lucene-analyzers-common-8.6.2.jar;F:\work\environment\apache-maven-3.6.3\repository\org\apache\lucene\lucene-backward-codecs\8.6.2\lucene-backward-codecs-8.6.2.jar;F:\work\environment\apache-maven-3.6.3\repository\org\apache\lucene\lucene-grouping\8.6.2\lucene-grouping-8.6.2.jar;F:\work\environment\apache-maven-3.6.3\repository\org\apache\lucene\lucene-highlighter\8.6.2\lucene-highlighter-8.6.2.jar;F:\work\environment\apache-maven-3.6.3\repository\org\apache\lucene\lucene-join\8.6.2\lucene-join-8.6.2.jar;F:\work\environment\apache-maven-3.6.3\repository\org\apache\lucene\lucene-memory\8.6.2\lucene-memory-8.6.2.jar;F:\work\environment\apache-maven-3.6.3\repository\org\apache\lucene\lucene-misc\8.6.2\lucene-misc-8.6.2.jar;F:\work\environment\apache-maven-3.6.3\repository\org\apache\lucene\lucene-queries\8.6.2\lucene-queries-8.6.2.jar;F:\work\environment\apache-maven-3.6.3\repository\org\apache\lucene\lucene-queryparser\8.6.2\lucene-queryparser-8.6.2.jar;F:\work\environment\apache-maven-3.6.3\repository\org\apache\lucene\lucene-sandbox\8.6.2\lucene-sandbox-8.6.2.jar;F:\work\environment\apache-maven-3.6.3\repository\org\apache\lucene\lucene-spatial-extras\8.6.2\lucene-spatial-extras-8.6.2.jar;F:\work\environment\apache-maven-3.6.3\repository\org\apache\lucene\lucene-spatial3d\8.6.2\lucene-spatial3d-8.6.2.jar;F:\work\environment\apache-maven-3.6.3\repository\org\apache\lucene\lucene-suggest\8.6.2\lucene-suggest-8.6.2.jar;F:\work\environment\apache-maven-3.6.3\repository\org\elasticsearch\elasticsearch-cli\7.9.2\elasticsearch-cli-7.9.2.jar;F:\work\environment\apache-maven-3.6.3\repository\net\sf\jopt-simple\jopt-simple\5.0.2\jopt-simple-5.0.2.jar;F:\work\environment\apache-maven-3.6.3\repository\com\carrotsearch\hppc\0.8.1\hppc-0.8.1.jar;F:\work\environment\apache-maven-3.6.3\repository\joda-time\joda-time\2.10.4\joda-time-2.10.4.jar;F:\work\environment\apache-maven-3.6.3\repository\com\tdunning\t-digest\3.2\t-digest-3.2.jar;F:\work\environment\apache-maven-3.6.3\repository\org\hdrhistogram\HdrHistogram\2.1.9\HdrHistogram-2.1.9.jar;F:\work\environment\apache-maven-3.6.3\repository\org\elasticsearch\jna\5.5.0\jna-5.5.0.jar;F:\work\environment\apache-maven-3.6.3\repository\org\elasticsearch\client\elasticsearch-rest-client\7.9.2\elasticsearch-rest-client-7.9.2.jar;F:\work\environment\apache-maven-3.6.3\repository\org\apache\httpcomponents\httpclient\4.5.12\httpclient-4.5.12.jar;F:\work\environment\apache-maven-3.6.3\repository\org\apache\httpcomponents\httpcore\4.4.13\httpcore-4.4.13.jar;F:\work\environment\apache-maven-3.6.3\repository\org\apache\httpcomponents\httpasyncclient\4.1.4\httpasyncclient-4.1.4.jar;F:\work\environment\apache-maven-3.6.3\repository\org\apache\httpcomponents\httpcore-nio\4.4.13\httpcore-nio-4.4.13.jar;F:\work\environment\apache-maven-3.6.3\repository\commons-codec\commons-codec\1.14\commons-codec-1.14.jar;F:\work\environment\apache-maven-3.6.3\repository\org\elasticsearch\plugin\mapper-extras-client\7.9.2\mapper-extras-client-7.9.2.jar;F:\work\environment\apache-maven-3.6.3\repository\org\elasticsearch\plugin\parent-join-client\7.9.2\parent-join-client-7.9.2.jar;F:\work\environment\apache-maven-3.6.3\repository\org\elasticsearch\plugin\aggs-matrix-stats-client\7.9.2\aggs-matrix-stats-client-7.9.2.jar;F:\work\environment\apache-maven-3.6.3\repository\org\elasticsearch\plugin\rank-eval-client\7.9.2\rank-eval-client-7.9.2.jar;F:\work\environment\apache-maven-3.6.3\repository\org\elasticsearch\plugin\lang-mustache-client\7.9.2\lang-mustache-client-7.9.2.jar;F:\work\environment\apache-maven-3.6.3\repository\com\github\spullara\mustache\java\compiler\0.9.6\compiler-0.9.6.jar;F:\work\environment\apache-maven-3.6.3\repository\org\slf4j\slf4j-api\1.7.30\slf4j-api-1.7.30.jar;F:\work\environment\apache-maven-3.6.3\repository\com\fasterxml\jackson\core\jackson-core\2.11.0\jackson-core-2.11.0.jar;F:\work\environment\apache-maven-3.6.3\repository\com\fasterxml\jackson\core\jackson-annotations\2.11.2\jackson-annotations-2.11.2.jar;F:\work\environment\apache-maven-3.6.3\repository\com\fasterxml\jackson\core\jackson-databind\2.11.2\jackson-databind-2.11.2.jar;F:\work\environment\apache-maven-3.6.3\repository\com\alibaba\fastjson\1.2.49\fastjson-1.2.49.jar;F:\work\environment\apache-maven-3.6.3\repository\org\jsoup\jsoup\1.10.2\jsoup-1.10.2.jar;F:\work\environment\apache-maven-3.6.3\repository\org\springframework\boot\spring-boot-devtools\2.3.4.RELEASE\spring-boot-devtools-2.3.4.RELEASE.jar;F:\work\environment\apache-maven-3.6.3\repository\org\springframework\boot\spring-boot\2.3.4.RELEASE\spring-boot-2.3.4.RELEASE.jar;F:\work\environment\apache-maven-3.6.3\repository\org\springframework\boot\spring-boot-autoconfigure\2.3.4.RELEASE\spring-boot-autoconfigure-2.3.4.RELEASE.jar;F:\work\environment\apache-maven-3.6.3\repository\com\alibaba\druid\1.1.9\druid-1.1.9.jar;F:\work\environment\apache-maven-3.6.3\repository\org\springframework\boot\spring-boot-starter-data-jpa\2.3.4.RELEASE\spring-boot-starter-data-jpa-2.3.4.RELEASE.jar;F:\work\environment\apache-maven-3.6.3\repository\org\springframework\boot\spring-boot-starter-aop\2.3.4.RELEASE\spring-boot-starter-aop-2.3.4.RELEASE.jar;F:\work\environment\apache-maven-3.6.3\repository\org\springframework\spring-aop\5.2.9.RELEASE\spring-aop-5.2.9.RELEASE.jar;F:\work\environment\apache-maven-3.6.3\repository\org\aspectj\aspectjweaver\1.9.6\aspectjweaver-1.9.6.jar;F:\work\environment\apache-maven-3.6.3\repository\jakarta\transaction\jakarta.transaction-api\1.3.3\jakarta.transaction-api-1.3.3.jar;F:\work\environment\apache-maven-3.6.3\repository\jakarta\persistence\jakarta.persistence-api\2.2.3\jakarta.persistence-api-2.2.3.jar;F:\work\environment\apache-maven-3.6.3\repository\org\hibernate\hibernate-core\5.4.21.Final\hibernate-core-5.4.21.Final.jar;F:\work\environment\apache-maven-3.6.3\repository\org\jboss\logging\jboss-logging\3.4.1.Final\jboss-logging-3.4.1.Final.jar;F:\work\environment\apache-maven-3.6.3\repository\org\javassist\javassist\3.24.0-GA\javassist-3.24.0-GA.jar;F:\work\environment\apache-maven-3.6.3\repository\net\bytebuddy\byte-buddy\1.10.14\byte-buddy-1.10.14.jar;F:\work\environment\apache-maven-3.6.3\repository\antlr\antlr\2.7.7\antlr-2.7.7.jar;F:\work\environment\apache-maven-3.6.3\repository\org\jboss\jandex\2.1.3.Final\jandex-2.1.3.Final.jar;F:\work\environment\apache-maven-3.6.3\repository\com\fasterxml\classmate\1.5.1\classmate-1.5.1.jar;F:\work\environment\apache-maven-3.6.3\repository\org\dom4j\dom4j\2.1.3\dom4j-2.1.3.jar;F:\work\environment\apache-maven-3.6.3\repository\org\hibernate\common\hibernate-commons-annotations\5.1.0.Final\hibernate-commons-annotations-5.1.0.Final.jar;F:\work\environment\apache-maven-3.6.3\repository\org\glassfish\jaxb\jaxb-runtime\2.3.3\jaxb-runtime-2.3.3.jar;F:\work\environment\apache-maven-3.6.3\repository\org\glassfish\jaxb\txw2\2.3.3\txw2-2.3.3.jar;F:\work\environment\apache-maven-3.6.3\repository\com\sun\istack\istack-commons-runtime\3.0.11\istack-commons-runtime-3.0.11.jar;F:\work\environment\apache-maven-3.6.3\repository\com\sun\activation\jakarta.activation\1.2.2\jakarta.activation-1.2.2.jar;F:\work\environment\apache-maven-3.6.3\repository\org\springframework\data\spring-data-jpa\2.3.4.RELEASE\spring-data-jpa-2.3.4.RELEASE.jar;F:\work\environment\apache-maven-3.6.3\repository\org\springframework\spring-orm\5.2.9.RELEASE\spring-orm-5.2.9.RELEASE.jar;F:\work\environment\apache-maven-3.6.3\repository\org\springframework\spring-beans\5.2.9.RELEASE\spring-beans-5.2.9.RELEASE.jar;F:\work\environment\apache-maven-3.6.3\repository\org\springframework\spring-aspects\5.2.9.RELEASE\spring-aspects-5.2.9.RELEASE.jar;F:\work\environment\apache-maven-3.6.3\repository\org\springframework\boot\spring-boot-starter-jdbc\2.3.4.RELEASE\spring-boot-starter-jdbc-2.3.4.RELEASE.jar;F:\work\environment\apache-maven-3.6.3\repository\com\zaxxer\HikariCP\3.4.5\HikariCP-3.4.5.jar;F:\work\environment\apache-maven-3.6.3\repository\org\springframework\spring-jdbc\5.2.9.RELEASE\spring-jdbc-5.2.9.RELEASE.jar;F:\work\environment\apache-maven-3.6.3\repository\mysql\mysql-connector-java\8.0.21\mysql-connector-java-8.0.21.jar;F:\work\environment\apache-maven-3.6.3\repository\org\springframework\boot\spring-boot-starter-web\2.3.4.RELEASE\spring-boot-starter-web-2.3.4.RELEASE.jar;F:\work\environment\apache-maven-3.6.3\repository\org\springframework\boot\spring-boot-starter-json\2.3.4.RELEASE\spring-boot-starter-json-2.3.4.RELEASE.jar;F:\work\environment\apache-maven-3.6.3\repository\com\fasterxml\jackson\datatype\jackson-datatype-jdk8\2.11.2\jackson-datatype-jdk8-2.11.2.jar;F:\work\environment\apache-maven-3.6.3\repository\com\fasterxml\jackson\datatype\jackson-datatype-jsr310\2.11.2\jackson-datatype-jsr310-2.11.2.jar;F:\work\environment\apache-maven-3.6.3\repository\com\fasterxml\jackson\module\jackson-module-parameter-names\2.11.2\jackson-module-parameter-names-2.11.2.jar;F:\work\environment\apache-maven-3.6.3\repository\org\springframework\boot\spring-boot-starter-tomcat\2.3.4.RELEASE\spring-boot-starter-tomcat-2.3.4.RELEASE.jar;F:\work\environment\apache-maven-3.6.3\repository\org\apache\tomcat\embed\tomcat-embed-core\9.0.38\tomcat-embed-core-9.0.38.jar;F:\work\environment\apache-maven-3.6.3\repository\org\glassfish\jakarta.el\3.0.3\jakarta.el-3.0.3.jar;F:\work\environment\apache-maven-3.6.3\repository\org\apache\tomcat\embed\tomcat-embed-websocket\9.0.38\tomcat-embed-websocket-9.0.38.jar;F:\work\environment\apache-maven-3.6.3\repository\org\springframework\spring-web\5.2.9.RELEASE\spring-web-5.2.9.RELEASE.jar;F:\work\environment\apache-maven-3.6.3\repository\org\springframework\spring-webmvc\5.2.9.RELEASE\spring-webmvc-5.2.9.RELEASE.jar;F:\work\environment\apache-maven-3.6.3\repository\org\springframework\spring-expression\5.2.9.RELEASE\spring-expression-5.2.9.RELEASE.jar;F:\work\environment\apache-maven-3.6.3\repository\org\projectlombok\lombok\1.18.12\lombok-1.18.12.jar;F:\work\environment\apache-maven-3.6.3\repository\org\springframework\boot\spring-boot-starter-test\2.3.4.RELEASE\spring-boot-starter-test-2.3.4.RELEASE.jar;F:\work\environment\apache-maven-3.6.3\repository\org\springframework\boot\spring-boot-test\2.3.4.RELEASE\spring-boot-test-2.3.4.RELEASE.jar;F:\work\environment\apache-maven-3.6.3\repository\org\springframework\boot\spring-boot-test-autoconfigure\2.3.4.RELEASE\spring-boot-test-autoconfigure-2.3.4.RELEASE.jar;F:\work\environment\apache-maven-3.6.3\repository\com\jayway\jsonpath\json-path\2.4.0\json-path-2.4.0.jar;F:\work\environment\apache-maven-3.6.3\repository\net\minidev\json-smart\2.3\json-smart-2.3.jar;F:\work\environment\apache-maven-3.6.3\repository\net\minidev\accessors-smart\1.2\accessors-smart-1.2.jar;F:\work\environment\apache-maven-3.6.3\repository\org\ow2\asm\asm\5.0.4\asm-5.0.4.jar;F:\work\environment\apache-maven-3.6.3\repository\jakarta\xml\bind\jakarta.xml.bind-api\2.3.3\jakarta.xml.bind-api-2.3.3.jar;F:\work\environment\apache-maven-3.6.3\repository\jakarta\activation\jakarta.activation-api\1.2.2\jakarta.activation-api-1.2.2.jar;F:\work\environment\apache-maven-3.6.3\repository\org\assertj\assertj-core\3.16.1\assertj-core-3.16.1.jar;F:\work\environment\apache-maven-3.6.3\repository\org\hamcrest\hamcrest\2.2\hamcrest-2.2.jar;F:\work\environment\apache-maven-3.6.3\repository\org\junit\jupiter\junit-jupiter\5.6.2\junit-jupiter-5.6.2.jar;F:\work\environment\apache-maven-3.6.3\repository\org\junit\jupiter\junit-jupiter-api\5.6.2\junit-jupiter-api-5.6.2.jar;F:\work\environment\apache-maven-3.6.3\repository\org\apiguardian\apiguardian-api\1.1.0\apiguardian-api-1.1.0.jar;F:\work\environment\apache-maven-3.6.3\repository\org\opentest4j\opentest4j\1.2.0\opentest4j-1.2.0.jar;F:\work\environment\apache-maven-3.6.3\repository\org\junit\platform\junit-platform-commons\1.6.2\junit-platform-commons-1.6.2.jar;F:\work\environment\apache-maven-3.6.3\repository\org\junit\jupiter\junit-jupiter-params\5.6.2\junit-jupiter-params-5.6.2.jar;F:\work\environment\apache-maven-3.6.3\repository\org\junit\jupiter\junit-jupiter-engine\5.6.2\junit-jupiter-engine-5.6.2.jar;F:\work\environment\apache-maven-3.6.3\repository\org\junit\platform\junit-platform-engine\1.6.2\junit-platform-engine-1.6.2.jar;F:\work\environment\apache-maven-3.6.3\repository\org\mockito\mockito-core\3.3.3\mockito-core-3.3.3.jar;F:\work\environment\apache-maven-3.6.3\repository\net\bytebuddy\byte-buddy-agent\1.10.14\byte-buddy-agent-1.10.14.jar;F:\work\environment\apache-maven-3.6.3\repository\org\objenesis\objenesis\2.6\objenesis-2.6.jar;F:\work\environment\apache-maven-3.6.3\repository\org\mockito\mockito-junit-jupiter\3.3.3\mockito-junit-jupiter-3.3.3.jar;F:\work\environment\apache-maven-3.6.3\repository\org\skyscreamer\jsonassert\1.5.0\jsonassert-1.5.0.jar;F:\work\environment\apache-maven-3.6.3\repository\com\vaadin\external\google\android-json\0.0.20131108.vaadin1\android-json-0.0.20131108.vaadin1.jar;F:\work\environment\apache-maven-3.6.3\repository\org\springframework\spring-core\5.2.9.RELEASE\spring-core-5.2.9.RELEASE.jar;F:\work\environment\apache-maven-3.6.3\repository\org\springframework\spring-jcl\5.2.9.RELEASE\spring-jcl-5.2.9.RELEASE.jar;F:\work\environment\apache-maven-3.6.3\repository\org\springframework\spring-test\5.2.9.RELEASE\spring-test-5.2.9.RELEASE.jar;F:\work\environment\apache-maven-3.6.3\repository\org\xmlunit\xmlunit-core\2.7.0\xmlunit-core-2.7.0.jar;F:\work\environment\apache-maven-3.6.3\repository\junit\junit\4.13\junit-4.13.jar;F:\work\environment\apache-maven-3.6.3\repository\org\hamcrest\hamcrest-core\2.2\hamcrest-core-2.2.jar;F:\work\environment\apache-maven-3.6.3\repository\com\clsaa\rest\result\standard-result\0.0.1\standard-result-0.0.1.jar;F:\work\environment\apache-maven-3.6.3\repository\org\springframework\boot\spring-boot-starter-webflux\2.3.4.RELEASE\spring-boot-starter-webflux-2.3.4.RELEASE.jar;F:\work\environment\apache-maven-3.6.3\repository\org\springframework\boot\spring-boot-starter-reactor-netty\2.3.4.RELEASE\spring-boot-starter-reactor-netty-2.3.4.RELEASE.jar;F:\work\environment\apache-maven-3.6.3\repository\io\projectreactor\netty\reactor-netty\0.9.12.RELEASE\reactor-netty-0.9.12.RELEASE.jar;F:\work\environment\apache-maven-3.6.3\repository\io\netty\netty-codec-http2\4.1.52.Final\netty-codec-http2-4.1.52.Final.jar;F:\work\environment\apache-maven-3.6.3\repository\io\netty\netty-handler-proxy\4.1.52.Final\netty-handler-proxy-4.1.52.Final.jar;F:\work\environment\apache-maven-3.6.3\repository\io\netty\netty-codec-socks\4.1.52.Final\netty-codec-socks-4.1.52.Final.jar;F:\work\environment\apache-maven-3.6.3\repository\io\netty\netty-transport-native-epoll\4.1.52.Final\netty-transport-native-epoll-4.1.52.Final-linux-x86_64.jar;F:\work\environment\apache-maven-3.6.3\repository\io\netty\netty-transport-native-unix-common\4.1.52.Final\netty-transport-native-unix-common-4.1.52.Final.jar;F:\work\environment\apache-maven-3.6.3\repository\org\springframework\spring-webflux\5.2.9.RELEASE\spring-webflux-5.2.9.RELEASE.jar;F:\work\environment\apache-maven-3.6.3\repository\io\projectreactor\reactor-core\3.3.10.RELEASE\reactor-core-3.3.10.RELEASE.jar;F:\work\environment\apache-maven-3.6.3\repository\org\reactivestreams\reactive-streams\1.0.3\reactive-streams-1.0.3.jar;F:\work\environment\apache-maven-3.6.3\repository\org\synchronoss\cloud\nio-multipart-parser\1.1.0\nio-multipart-parser-1.1.0.jar;F:\work\environment\apache-maven-3.6.3\repository\org\synchronoss\cloud\nio-stream-storage\1.1.3\nio-stream-storage-1.1.3.jar;"/>
    <property name="sun.cpu.endian" value="little"/>
    <property name="user.home" value="C:\Users\Lazy r"/>
    <property name="user.language" value="zh"/>
    <property name="java.specification.vendor" value="Oracle Corporation"/>
    <property name="java.home" value="F:\work\environment\java\jdk1.8\jre"/>
    <property name="basedir" value="F:\work\projects\myProjects\myweb"/>
    <property name="file.separator" value="\"/>
    <property name="line.separator" value="&#10;"/>
    <property name="idea.version2019.2.4" value="true"/>
    <property name="java.vm.specification.vendor" value="Oracle Corporation"/>
    <property name="java.specification.name" value="Java Platform API Specification"/>
    <property name="java.awt.graphicsenv" value="sun.awt.Win32GraphicsEnvironment"/>
    <property name="surefire.real.class.path" value="C:\Users\LAZYR~1\AppData\Local\Temp\surefire1321627404896171357\surefirebooter1526579607988174671.jar"/>
    <property name="sun.boot.class.path" value="F:\work\environment\java\jdk1.8\jre\lib\resources.jar;F:\work\environment\java\jdk1.8\jre\lib\rt.jar;F:\work\environment\java\jdk1.8\jre\lib\sunrsasign.jar;F:\work\environment\java\jdk1.8\jre\lib\jsse.jar;F:\work\environment\java\jdk1.8\jre\lib\jce.jar;F:\work\environment\java\jdk1.8\jre\lib\charsets.jar;F:\work\environment\java\jdk1.8\jre\lib\jfr.jar;F:\work\environment\java\jdk1.8\jre\classes"/>
    <property name="user.script" value=""/>
    <property name="sun.management.compiler" value="HotSpot 64-Bit Tiered Compilers"/>
    <property name="java.runtime.version" value="1.8.0_261-b12"/>
    <property name="user.name" value="Lazy r"/>
    <property name="path.separator" value=";"/>
    <property name="os.version" value="10.0"/>
    <property name="java.endorsed.dirs" value="F:\work\environment\java\jdk1.8\jre\lib\endorsed"/>
    <property name="java.runtime.name" value="Java(TM) SE Runtime Environment"/>
    <property name="file.encoding" value="GBK"/>
    <property name="java.vm.name" value="Java HotSpot(TM) 64-Bit Server VM"/>
    <property name="localRepository" value="F:\work\environment\apache-maven-3.6.3\repository"/>
    <property name="java.vendor.url.bug" value="http://bugreport.sun.com/bugreport/"/>
    <property name="java.io.tmpdir" value="C:\Users\LAZYR~1\AppData\Local\Temp\"/>
    <property name="java.version" value="1.8.0_261"/>
    <property name="user.dir" value="F:\work\projects\myProjects\myweb"/>
    <property name="os.arch" value="amd64"/>
    <property name="java.vm.specification.name" value="Java Virtual Machine Specification"/>
    <property name="java.awt.printerjob" value="sun.awt.windows.WPrinterJob"/>
    <property name="sun.os.patch.level" value=""/>
    <property name="java.library.path" value="F:\work\environment\java\jdk1.8\jre\bin;C:\WINDOWS\Sun\Java\bin;C:\WINDOWS\system32;C:\WINDOWS;C:\Program Files (x86)\Common Files\Oracle\Java\javapath;F:\work\tools\XFTP;F:\work\tools\XShell\;C:\Program Files (x86)\Intel\iCLS Client\;C:\Program Files\Intel\iCLS Client\;C:\Windows\system32;C:\Windows;C:\Windows\System32\Wbem;C:\Windows\System32\WindowsPowerShell\v1.0\;C:\Program Files (x86)\NVIDIA Corporation\PhysX\Common;C:\Program Files (x86)\Intel\Intel(R) Management Engine Components\DAL;C:\Program Files\Intel\Intel(R) Management Engine Components\DAL;C:\Program Files (x86)\Intel\Intel(R) Management Engine Components\IPT;C:\Program Files\Intel\Intel(R) Management Engine Components\IPT;C:\Program Files\Intel\WiFi\bin\;C:\Program Files\Common Files\Intel\WirelessCommon\;C:\WINDOWS\system32;C:\WINDOWS;C:\WINDOWS\System32\Wbem;C:\WINDOWS\System32\WindowsPowerShell\v1.0\;C:\WINDOWS\System32\OpenSSH\;F:\MySql\bin;F:\work\tools\apache-tomcat-9.0.37\bin;F:\work\environment\apache-maven-3.6.3\bin;C:\ProgramData\chocolatey\bin;F:\work\environment\redis;F:\work\environment\java\jdk1.8\bin;F:\work\environment\java\jdk1.8\jre\bin;F:\work\environment\git\Git\cmd;F:\work\environment\Nodejs\;C:\Users\Administrator\AppData\Local\Yarn\bin;F:\work\environment\Nodejs\node_global\bin;C:\Users\Lazy r\AppData\Local\Microsoft\WindowsApps;F:\work\environment\apache-maven-3.6.3\bin;C:\Users\Lazy r\AppData\Local\GitHubDesktop\bin;F:\work\environment\git\cmd;F:\work\ide\IntelliJ IDEA\bin;;F:\work\ide\VSCode\bin;F:\work\environment\Nodejs\node_global;;."/>
    <property name="java.vm.info" value="mixed mode"/>
    <property name="java.vendor" value="Oracle Corporation"/>
    <property name="java.vm.version" value="25.261-b12"/>
    <property name="java.ext.dirs" value="F:\work\environment\java\jdk1.8\jre\lib\ext;C:\WINDOWS\Sun\Java\lib\ext"/>
    <property name="sun.io.unicode.encoding" value="UnicodeLittle"/>
    <property name="java.class.version" value="52.0"/>
  </properties>
  <testcase name="insertDateToDictionary" classname="top.lazyr.myweb.MywebApplicationTests" time="0.4">
    <error message="could not execute statement; SQL [n/a]; constraint [word]; nested exception is org.hibernate.exception.ConstraintViolationException: could not execute statement" type="org.springframework.dao.DataIntegrityViolationException">org.springframework.dao.DataIntegrityViolationException: could not execute statement; SQL [n/a]; constraint [word]; nested exception is org.hibernate.exception.ConstraintViolationException: could not execute statement
	at top.lazyr.myweb.MywebApplicationTests.insertDateToDictionary(MywebApplicationTests.java:74)
Caused by: org.hibernate.exception.ConstraintViolationException: could not execute statement
	at top.lazyr.myweb.MywebApplicationTests.insertDateToDictionary(MywebApplicationTests.java:74)
Caused by: java.sql.SQLIntegrityConstraintViolationException: Duplicate entry 'gratitude' for key 'word'
	at top.lazyr.myweb.MywebApplicationTests.insertDateToDictionary(MywebApplicationTests.java:74)
</error>
    <system-out><![CDATA[2020-11-02 15:36:25.996  INFO 7420 --- [           main] .b.t.c.SpringBootTestContextBootstrapper : Neither @ContextConfiguration nor @ContextHierarchy found for test class [top.lazyr.myweb.MywebApplicationTests], using SpringBootContextLoader
2020-11-02 15:36:25.997  INFO 7420 --- [           main] o.s.t.c.support.AbstractContextLoader    : Could not detect default resource locations for test class [top.lazyr.myweb.MywebApplicationTests]: no resource found for suffixes {-context.xml, Context.groovy}.
2020-11-02 15:36:25.997  INFO 7420 --- [           main] t.c.s.AnnotationConfigContextLoaderUtils : Could not detect default configuration classes for test class [top.lazyr.myweb.MywebApplicationTests]: MywebApplicationTests does not declare any static, non-private, non-final, nested classes annotated with @Configuration.
2020-11-02 15:36:26.001  INFO 7420 --- [           main] .b.t.c.SpringBootTestContextBootstrapper : Found @SpringBootConfiguration top.lazyr.myweb.MywebApplication for test class top.lazyr.myweb.MywebApplicationTests
2020-11-02 15:36:26.002  INFO 7420 --- [           main] .b.t.c.SpringBootTestContextBootstrapper : Loaded default TestExecutionListener class names from location [META-INF/spring.factories]: [org.springframework.boot.test.mock.mockito.MockitoTestExecutionListener, org.springframework.boot.test.mock.mockito.ResetMocksTestExecutionListener, org.springframework.boot.test.autoconfigure.restdocs.RestDocsTestExecutionListener, org.springframework.boot.test.autoconfigure.web.client.MockRestServiceServerResetTestExecutionListener, org.springframework.boot.test.autoconfigure.web.servlet.MockMvcPrintOnlyOnFailureTestExecutionListener, org.springframework.boot.test.autoconfigure.web.servlet.WebDriverTestExecutionListener, org.springframework.boot.test.autoconfigure.webservices.client.MockWebServiceServerTestExecutionListener, org.springframework.test.context.web.ServletTestExecutionListener, org.springframework.test.context.support.DirtiesContextBeforeModesTestExecutionListener, org.springframework.test.context.support.DependencyInjectionTestExecutionListener, org.springframework.test.context.support.DirtiesContextTestExecutionListener, org.springframework.test.context.transaction.TransactionalTestExecutionListener, org.springframework.test.context.jdbc.SqlScriptsTestExecutionListener, org.springframework.test.context.event.EventPublishingTestExecutionListener]
2020-11-02 15:36:26.003  INFO 7420 --- [           main] .b.t.c.SpringBootTestContextBootstrapper : Using TestExecutionListeners: [org.springframework.test.context.web.ServletTestExecutionListener@359865a2, org.springframework.test.context.support.DirtiesContextBeforeModesTestExecutionListener@5d9bb69b, org.springframework.boot.test.mock.mockito.MockitoTestExecutionListener@25d0b918, org.springframework.boot.test.autoconfigure.SpringBootDependencyInjectionTestExecutionListener@9bf63d2, org.springframework.test.context.support.DirtiesContextTestExecutionListener@7ffcb232, org.springframework.test.context.transaction.TransactionalTestExecutionListener@7f53fc38, org.springframework.test.context.jdbc.SqlScriptsTestExecutionListener@5feb82b3, org.springframework.test.context.event.EventPublishingTestExecutionListener@2d38db6f, org.springframework.boot.test.mock.mockito.ResetMocksTestExecutionListener@37cf91d8, org.springframework.boot.test.autoconfigure.restdocs.RestDocsTestExecutionListener@571d0925, org.springframework.boot.test.autoconfigure.web.client.MockRestServiceServerResetTestExecutionListener@54e0f76f, org.springframework.boot.test.autoconfigure.web.servlet.MockMvcPrintOnlyOnFailureTestExecutionListener@3fe8ad3f, org.springframework.boot.test.autoconfigure.web.servlet.WebDriverTestExecutionListener@7462ba4b, org.springframework.boot.test.autoconfigure.webservices.client.MockWebServiceServerTestExecutionListener@4b09d1c3]
文件mydic.txt读取完毕
Hibernate: insert into dictionary (recent_time_modified, search_count, translation, word) values (?, ?, ?, ?)
2020-11-02 15:36:26.258  WARN 7420 --- [           main] o.h.engine.jdbc.spi.SqlExceptionHelper   : SQL Error: 1062, SQLState: 23000
2020-11-02 15:36:26.258 ERROR 7420 --- [           main] o.h.engine.jdbc.spi.SqlExceptionHelper   : Duplicate entry 'gratitude' for key 'word'
]]></system-out>
  </testcase>
  <testcase name="testWordDao" classname="top.lazyr.myweb.MywebApplicationTests" time="0.399"/>
  <testcase name="testDictionaryDao" classname="top.lazyr.myweb.MywebApplicationTests" time="0.054"/>
  <testcase name="insertDataToWord" classname="top.lazyr.myweb.MywebApplicationTests" time="0.329">
    <error message="could not execute statement; SQL [n/a]; constraint [words]; nested exception is org.hibernate.exception.ConstraintViolationException: could not execute statement" type="org.springframework.dao.DataIntegrityViolationException">org.springframework.dao.DataIntegrityViolationException: could not execute statement; SQL [n/a]; constraint [words]; nested exception is org.hibernate.exception.ConstraintViolationException: could not execute statement
	at top.lazyr.myweb.MywebApplicationTests.insertDataToWord(MywebApplicationTests.java:58)
Caused by: org.hibernate.exception.ConstraintViolationException: could not execute statement
	at top.lazyr.myweb.MywebApplicationTests.insertDataToWord(MywebApplicationTests.java:58)
Caused by: java.sql.SQLIntegrityConstraintViolationException: Duplicate entry 'gratitude altitude aptitude attitude multitude' for key 'words'
	at top.lazyr.myweb.MywebApplicationTests.insertDataToWord(MywebApplicationTests.java:58)
</error>
    <system-out><![CDATA[文件word.txt读取完毕
Hibernate: insert into word (is_deleted, search_count, is_user_defined, words) values (?, ?, ?, ?)
2020-11-02 15:36:27.078  WARN 7420 --- [           main] o.h.engine.jdbc.spi.SqlExceptionHelper   : SQL Error: 1062, SQLState: 23000
2020-11-02 15:36:27.078 ERROR 7420 --- [           main] o.h.engine.jdbc.spi.SqlExceptionHelper   : Duplicate entry 'gratitude altitude aptitude attitude multitude' for key 'words'
]]></system-out>
  </testcase>
  <testcase name="testWordService" classname="top.lazyr.myweb.MywebApplicationTests" time="0.598"/>
</testsuite>